TN:
SF:src/agents/coordinator.ts
FN:10,invokeCoordinator
FN:47,buildInstrumentedPlan
FN:57,buildTraceExamples
FNF:3
FNH:0
FNDA:0,invokeCoordinator
FNDA:0,buildInstrumentedPlan
FNDA:0,buildTraceExamples
DA:13,0
DA:15,0
DA:17,0
DA:28,0
DA:33,0
DA:35,0
DA:48,0
DA:58,0
LF:8
LH:0
BRDA:24,0,0,0
BRDA:24,0,1,0
BRF:2
BRH:0
end_of_record
TN:
SF:src/agents/maintenance.ts
FN:43,loadPortalsCatalog
FN:57,loadVectorStoresCatalog
FN:73,watchPortals
FN:82,(anonymous_3)
FN:84,(anonymous_4)
FN:93,classifyDocument
FN:106,uploadDocument
FN:139,chooseVectorStore
FN:155,findVectorStore
FN:159,(anonymous_9)
FN:163,buildTags
FN:174,loadPortalState
FN:194,persistPortalState
FN:199,parsePortalListing
FN:245,stripTags
FN:249,extractPublishedAt
FN:259,buildContentHash
FN:266,hasSeen
FN:272,rememberDocument
FN:281,logPortalMetrics
FN:296,scoreVectorStores
FN:301,(anonymous_21)
FN:341,(anonymous_22)
FNF:23
FNH:0
FNDA:0,loadPortalsCatalog
FNDA:0,loadVectorStoresCatalog
FNDA:0,watchPortals
FNDA:0,(anonymous_3)
FNDA:0,(anonymous_4)
FNDA:0,classifyDocument
FNDA:0,uploadDocument
FNDA:0,chooseVectorStore
FNDA:0,findVectorStore
FNDA:0,(anonymous_9)
FNDA:0,buildTags
FNDA:0,loadPortalState
FNDA:0,persistPortalState
FNDA:0,parsePortalListing
FNDA:0,stripTags
FNDA:0,extractPublishedAt
FNDA:0,buildContentHash
FNDA:0,hasSeen
FNDA:0,rememberDocument
FNDA:0,logPortalMetrics
FNDA:0,scoreVectorStores
FNDA:0,(anonymous_21)
FNDA:0,(anonymous_22)
DA:24,0
DA:25,0
DA:30,0
DA:31,0
DA:32,0
DA:44,0
DA:46,0
DA:47,0
DA:49,0
DA:50,0
DA:53,0
DA:54,0
DA:58,0
DA:60,0
DA:61,0
DA:63,0
DA:64,0
DA:69,0
DA:70,0
DA:74,0
DA:75,0
DA:76,0
DA:78,0
DA:79,0
DA:80,0
DA:81,0
DA:82,0
DA:84,0
DA:85,0
DA:86,0
DA:89,0
DA:90,0
DA:97,0
DA:98,0
DA:110,0
DA:111,0
DA:112,0
DA:115,0
DA:118,0
DA:119,0
DA:120,0
DA:129,0
DA:140,0
DA:141,0
DA:142,0
DA:144,0
DA:145,0
DA:148,0
DA:149,0
DA:152,0
DA:159,0
DA:160,0
DA:164,0
DA:165,0
DA:166,0
DA:168,0
DA:169,0
DA:171,0
DA:175,0
DA:177,0
DA:178,0
DA:181,0
DA:182,0
DA:183,0
DA:186,0
DA:187,0
DA:188,0
DA:189,0
DA:191,0
DA:195,0
DA:196,0
DA:204,0
DA:205,0
DA:208,0
DA:209,0
DA:210,0
DA:211,0
DA:213,0
DA:214,0
DA:215,0
DA:217,0
DA:229,0
DA:230,0
DA:242,0
DA:246,0
DA:250,0
DA:251,0
DA:252,0
DA:253,0
DA:254,0
DA:256,0
DA:260,0
DA:267,0
DA:268,0
DA:269,0
DA:273,0
DA:274,0
DA:275,0
DA:278,0
DA:286,0
DA:297,0
DA:298,0
DA:299,0
DA:301,0
DA:302,0
DA:304,0
DA:306,0
DA:307,0
DA:310,0
DA:311,0
DA:312,0
DA:313,0
DA:315,0
DA:316,0
DA:320,0
DA:321,0
DA:322,0
DA:323,0
DA:327,0
DA:328,0
DA:329,0
DA:330,0
DA:334,0
DA:335,0
DA:338,0
DA:341,0
DA:342,0
DA:344,0
LF:128
LH:0
BRDA:44,0,0,0
BRDA:44,0,1,0
BRDA:49,1,0,0
BRDA:49,1,1,0
BRDA:58,2,0,0
BRDA:58,2,1,0
BRDA:63,3,0,0
BRDA:63,3,1,0
BRDA:111,4,0,0
BRDA:111,4,1,0
BRDA:116,5,0,0
BRDA:116,5,1,0
BRDA:144,6,0,0
BRDA:144,6,1,0
BRDA:144,7,0,0
BRDA:144,7,1,0
BRDA:148,8,0,0
BRDA:148,8,1,0
BRDA:160,9,0,0
BRDA:160,9,1,0
BRDA:165,10,0,0
BRDA:165,10,1,0
BRDA:168,11,0,0
BRDA:168,11,1,0
BRDA:175,12,0,0
BRDA:175,12,1,0
BRDA:177,13,0,0
BRDA:177,13,1,0
BRDA:181,14,0,0
BRDA:181,14,1,0
BRDA:188,15,0,0
BRDA:188,15,1,0
BRDA:211,16,0,0
BRDA:211,16,1,0
BRDA:215,17,0,0
BRDA:215,17,1,0
BRDA:229,18,0,0
BRDA:229,18,1,0
BRDA:252,19,0,0
BRDA:252,19,1,0
BRDA:267,20,0,0
BRDA:267,20,1,0
BRDA:268,21,0,0
BRDA:268,21,1,0
BRDA:273,22,0,0
BRDA:273,22,1,0
BRDA:274,23,0,0
BRDA:274,23,1,0
BRDA:304,24,0,0
BRDA:304,24,1,0
BRDA:304,25,0,0
BRDA:304,25,1,0
BRDA:310,26,0,0
BRDA:310,26,1,0
BRDA:310,27,0,0
BRDA:310,27,1,0
BRDA:311,28,0,0
BRDA:311,28,1,0
BRDA:315,29,0,0
BRDA:315,29,1,0
BRDA:320,30,0,0
BRDA:320,30,1,0
BRDA:320,31,0,0
BRDA:320,31,1,0
BRDA:321,32,0,0
BRDA:321,32,1,0
BRDA:327,33,0,0
BRDA:327,33,1,0
BRDA:327,34,0,0
BRDA:327,34,1,0
BRDA:328,35,0,0
BRDA:328,35,1,0
BRDA:334,36,0,0
BRDA:334,36,1,0
BRDA:334,37,0,0
BRDA:334,37,1,0
BRDA:342,38,0,0
BRDA:342,38,1,0
BRDA:346,39,0,0
BRDA:346,39,1,0
BRDA:347,40,0,0
BRDA:347,40,1,0
BRF:82
BRH:0
end_of_record
TN:
SF:src/agents/registry.ts
FN:26,parseAgentsFile
FN:36,loadInstructions
FN:41,getAgentDefinition
FN:48,(anonymous_13)
FNF:4
FNH:4
FNDA:6,parseAgentsFile
FNDA:5,loadInstructions
FNDA:8,getAgentDefinition
FNDA:23,(anonymous_13)
DA:1,1
DA:2,1
DA:3,1
DA:23,1
DA:24,1
DA:27,6
DA:28,6
DA:29,6
DA:30,0
DA:33,6
DA:37,5
DA:38,5
DA:41,1
DA:42,8
DA:43,2
DA:46,6
DA:47,6
DA:48,23
DA:50,6
DA:51,1
DA:54,5
DA:55,5
DA:56,5
DA:57,5
LF:24
LH:23
BRDA:29,0,0,0
BRDA:29,0,1,6
BRDA:29,1,0,6
BRDA:29,1,1,6
BRDA:29,1,2,6
BRDA:42,2,0,2
BRDA:42,2,1,6
BRDA:50,3,0,1
BRDA:50,3,1,5
BRF:9
BRH:8
end_of_record
TN:
SF:src/agents/specialist.ts
FN:5,invokeSpecialist
FNF:1
FNH:0
FNDA:0,invokeSpecialist
DA:9,0
DA:11,0
DA:21,0
DA:22,0
LF:4
LH:0
BRF:0
BRH:0
end_of_record
TN:
SF:src/agents/utils.ts
FN:1,extractFirstText
FNF:1
FNH:0
FNDA:0,extractFirstText
DA:4,0
DA:5,0
DA:8,0
DA:9,0
DA:10,0
DA:13,0
LF:6
LH:0
BRDA:4,0,0,0
BRDA:4,0,1,0
BRDA:4,1,0,0
BRDA:4,1,1,0
BRDA:9,2,0,0
BRDA:9,2,1,0
BRDA:9,3,0,0
BRDA:9,3,1,0
BRDA:13,4,0,0
BRDA:13,4,1,0
BRF:10
BRH:0
end_of_record
TN:
SF:src/config/env.ts
FNF:0
FNH:0
DA:3,0
DA:7,0
LF:2
LH:0
BRDA:8,0,0,0
BRDA:8,0,1,0
BRDA:9,1,0,0
BRDA:9,1,1,0
BRDA:10,2,0,0
BRDA:10,2,1,0
BRF:6
BRH:0
end_of_record
TN:
SF:src/config/openai.ts
FN:6,ensureApiKey
FNF:1
FNH:0
FNDA:0,ensureApiKey
DA:4,0
DA:7,0
DA:8,0
LF:3
LH:0
BRDA:7,0,0,0
BRDA:7,0,1,0
BRF:2
BRH:0
end_of_record
TN:
SF:src/mcp/fileSearchTool.ts
FN:8,fileSearch
FNF:1
FNH:0
FNDA:0,fileSearch
DA:10,0
DA:11,0
LF:2
LH:0
BRF:0
BRH:0
end_of_record
TN:
SF:src/mcp/httpDownloadTool.ts
FN:5,httpDownload
FNF:1
FNH:0
FNDA:0,httpDownload
DA:6,0
DA:7,0
DA:8,0
DA:11,0
DA:12,0
DA:13,0
DA:14,0
LF:7
LH:0
BRDA:7,0,0,0
BRDA:7,0,1,0
BRF:2
BRH:0
end_of_record
TN:
SF:src/mcp/httpFetchTool.ts
FN:3,httpFetch
FNF:1
FNH:0
FNDA:0,httpFetch
DA:4,0
DA:5,0
DA:6,0
DA:8,0
LF:4
LH:0
BRDA:5,0,0,0
BRDA:5,0,1,0
BRF:2
BRH:0
end_of_record
TN:
SF:src/mcp/kvStateTool.ts
FN:3,kvGet
FN:7,kvSet
FNF:2
FNH:0
FNDA:0,kvGet
FNDA:0,kvSet
DA:1,0
DA:4,0
DA:8,0
LF:3
LH:0
BRF:0
BRH:0
end_of_record
TN:
SF:src/mcp/loggerTool.ts
FN:3,logInfo
FN:11,logError
FNF:2
FNH:0
FNDA:0,logInfo
FNDA:0,logError
DA:4,0
DA:5,0
DA:7,0
DA:12,0
DA:13,0
DA:15,0
LF:6
LH:0
BRDA:4,0,0,0
BRDA:4,0,1,0
BRDA:12,1,0,0
BRDA:12,1,1,0
BRF:4
BRH:0
end_of_record
TN:
SF:src/mcp/storageTool.ts
FN:6,saveFile
FNF:1
FNH:0
FNDA:0,saveFile
DA:4,0
DA:7,0
DA:8,0
DA:10,0
DA:11,0
DA:12,0
LF:6
LH:0
BRDA:7,0,0,0
BRDA:7,0,1,0
BRF:2
BRH:0
end_of_record
TN:
SF:src/middleware/error-handler.ts
FN:4,errorHandler
FNF:1
FNH:0
FNDA:0,errorHandler
DA:10,0
DA:20,0
LF:2
LH:0
BRDA:22,0,0,0
BRDA:22,0,1,0
BRF:2
BRH:0
end_of_record
TN:
SF:src/middleware/validation.ts
FN:14,validate
FN:15,(anonymous_1)
FN:36,(anonymous_2)
FNF:3
FNH:3
FNDA:4,validate
FNDA:4,(anonymous_1)
FNDA:1,(anonymous_2)
DA:2,1
DA:3,1
DA:14,1
DA:15,4
DA:16,4
DA:17,4
DA:18,2
DA:21,3
DA:22,1
DA:25,3
DA:26,1
DA:29,3
DA:31,1
DA:32,1
DA:33,1
DA:36,1
DA:41,1
DA:44,0
DA:45,0
LF:19
LH:17
BRDA:17,0,0,2
BRDA:17,0,1,2
BRDA:21,1,0,1
BRDA:21,1,1,2
BRDA:25,2,0,1
BRDA:25,2,1,2
BRDA:31,3,0,1
BRDA:31,3,1,0
BRF:8
BRH:7
end_of_record
TN:
SF:src/server/http-server.ts
FN:11,startHttpServer
FN:25,(anonymous_1)
FNF:2
FNH:0
FNDA:0,startHttpServer
FNDA:0,(anonymous_1)
DA:12,0
DA:13,0
DA:16,0
DA:17,0
DA:19,0
DA:20,0
DA:23,0
DA:25,0
DA:26,0
LF:9
LH:0
BRF:0
BRH:0
end_of_record
TN:
SF:src/server/swagger.config.ts
FNF:0
FNH:0
DA:3,0
LF:1
LH:0
BRF:0
BRH:0
end_of_record
TN:
SF:src/server/routes/admin.routes.ts
FN:5,registerAdminRoutes
FN:27,(anonymous_1)
FN:63,(anonymous_2)
FNF:3
FNH:0
FNDA:0,registerAdminRoutes
FNDA:0,(anonymous_1)
FNDA:0,(anonymous_2)
DA:27,0
DA:28,0
DA:29,0
DA:63,0
DA:64,0
DA:65,0
DA:66,0
DA:67,0
DA:68,0
DA:70,0
DA:71,0
LF:11
LH:0
BRF:0
BRH:0
end_of_record
TN:
SF:src/server/routes/query.routes.ts
FN:7,registerQueryRoutes
FN:86,(anonymous_1)
FNF:2
FNH:0
FNDA:0,registerQueryRoutes
FNDA:0,(anonymous_1)
DA:83,0
DA:87,0
DA:88,0
DA:89,0
DA:90,0
DA:91,0
DA:93,0
DA:94,0
LF:8
LH:0
BRF:0
BRH:0
end_of_record
TN:
SF:src/server/schemas/query.schemas.ts
FNF:0
FNH:0
DA:3,0
LF:1
LH:0
BRF:0
BRH:0
end_of_record
TN:
SF:src/utils/logger.ts
FNF:0
FNH:0
DA:1,1
DA:3,1
DA:5,1
LF:3
LH:3
BRDA:6,0,0,1
BRDA:6,0,1,1
BRDA:6,1,0,1
BRDA:6,1,1,0
BRDA:7,2,0,1
BRDA:7,2,1,0
BRF:6
BRH:4
end_of_record
TN:
SF:src/workflows/daily-portals-scan.ts
FN:5,runDailyPortalsScan
FN:15,processDocument
FNF:2
FNH:0
FNDA:0,runDailyPortalsScan
FNDA:0,processDocument
DA:6,0
DA:8,0
DA:10,0
DA:11,0
DA:16,0
DA:17,0
LF:6
LH:0
BRF:0
BRH:0
end_of_record
TN:
SF:src/workflows/user-query.ts
FN:10,runUserQueryWorkflow
FN:16,(anonymous_1)
FN:50,pickSpecialists
FN:77,collectTools
FN:79,(anonymous_4)
FN:85,mergeTraceExamples
FN:90,(anonymous_6)
FNF:7
FNH:7
FNDA:3,runUserQueryWorkflow
FNDA:9,(anonymous_1)
FNDA:3,pickSpecialists
FNDA:3,collectTools
FNDA:12,(anonymous_4)
FNDA:3,mergeTraceExamples
FNDA:9,(anonymous_6)
DA:1,1
DA:2,1
DA:10,1
DA:13,3
DA:14,3
DA:15,3
DA:16,9
DA:18,3
DA:19,3
DA:25,3
DA:43,1
DA:51,3
DA:52,3
DA:54,3
DA:55,1
DA:58,3
DA:59,0
DA:62,3
DA:63,0
DA:66,3
DA:67,0
DA:70,3
DA:71,2
DA:74,3
DA:78,3
DA:79,12
DA:82,3
DA:90,3
DA:91,9
DA:92,9
DA:100,3
LF:31
LH:28
BRDA:20,0,0,3
BRDA:20,0,1,0
BRDA:28,1,0,3
BRDA:28,1,1,0
BRDA:29,2,0,3
BRDA:29,2,1,0
BRDA:30,3,0,3
BRDA:30,3,1,0
BRDA:34,4,0,3
BRDA:34,4,1,0
BRDA:54,5,0,1
BRDA:54,5,1,2
BRDA:58,6,0,0
BRDA:58,6,1,3
BRDA:58,7,0,3
BRDA:58,7,1,3
BRDA:62,8,0,0
BRDA:62,8,1,3
BRDA:62,9,0,3
BRDA:62,9,1,3
BRDA:66,10,0,0
BRDA:66,10,1,3
BRDA:66,11,0,3
BRDA:66,11,1,3
BRDA:70,12,0,2
BRDA:70,12,1,1
BRDA:79,13,0,12
BRDA:79,13,1,0
BRDA:94,14,0,9
BRDA:94,14,1,0
BRF:30
BRH:20
end_of_record
